<?xml version="1.0" encoding="UTF-8"?>
<testsuite xmlns:xsi="http://www.w3.org/2001/XMLSchema-instance" xsi:noNamespaceSchemaLocation="https://maven.apache.org/surefire/maven-surefire-plugin/xsd/surefire-test-report.xsd" name="com.tweetApp.FSE.Test.TweetControllerTest" time="1.51" tests="4" errors="0" skipped="0" failures="0">
  <properties>
[...]
</properties>
  <testcase name="postReplyPositiveTest" classname="com.tweetApp.FSE.Test.TweetControllerTest" time="1.41"/>
  <testcase name="deletTweetPostiveFlow" classname="com.tweetApp.FSE.Test.TweetControllerTest" time="0.028"/>
  <testcase name="getAllTweetsPositiveFlow" classname="com.tweetApp.FSE.Test.TweetControllerTest" time="0.048"/>
  <testcase name="postTweetPositiveTest" classname="com.tweetApp.FSE.Test.TweetControllerTest" time="0.017"/>
</testsuite>